[    0.000000] Linux version 4.15.0-72-generic (builddcy01-amd64-026) (gcc version 7.4.0 (Ubuntu 7.4.0-1ubuntu1~18.04.1)) #81-Ubuntu SMP Tue Nov 26 12:20:02 UTC 2019 (Ubuntu 4.15.0-72.81-generic 4.15.18)
[    0.000000] Commanline: BOOT_IMGE=/boot/vmlinuz-4.15.0-72-generic root=UUID=ec65c921-96eb-4429-80be-a2d5fcaf8bc5 ro console=tty1 console=ttyS0
[    0.000000] KERNEL supported cpus:
[    0.000000]   Intel GeinIntel
  0.000000] AMD AuthenticAMD
[    0.000000]   Centaur CentaurHauls
[    0.000000] x86/fpu: Supporting XSAVE feature 0x001: 'x87 floating point registers'
[    0.000000] x86/fpu: Supporting XSAVE feature 0x002: 'SSE registers'
[    0.000000] x86/fpu: Supporting XSAVE feature 0x004: 'AVX registers
[    0.000000] x86/fpu: xstate_offset[2]:  576, xstate_sizes[2]:  256
[    0.000000] x86/fpu: Enabled xstate features 0x7, context size is 832 bytes, using 'standard' format.
[    0.000000] e820: BIOS-provided physical RAM map:
[    0.000000] BIOS-e820: [mem 0x0000000000000000-0x000000000009fbff] usable
[    0.0000] BIOS-20 [mem 0x000000000009fc00-0x000000009ffff] reserve
[    00000BIS-ee820 [mem 0x0000000000f0000-0x00000000000fffff] reserved
[    0.000000] OS-e820:mem 0x0000000000100000x000000003ffeffff] usable
[  0.000] BIOS-e820: [mem 0x000000003fff0000-0x000000003fffffff] ACPI data
[    0.000000] BIOS-e820: [mem 0x00000000fec00000-0x00000000fec00fff] reserved
[    0.000000] BIOS-e820: [mem 0x0000000fee00000-0x00000000fee00fff] resved
[    0.000000] BIOS-e820: [mem 0x000000ff000-0x000000ffffff] reserved
[    0.000000] NX (Execute Disable) protection: active
[    0.000000] SMBIOS 2.5 present.
[    0.000000] DMI: innotek GmbH VirtualBox/VirtualBox, BIOS VirtualBox 12/01/2006
[    0.000000] Hypervisor detected: KVM
[    0.000000] e820: last_pfn = 0x3fff0 max_arch_pfn = 0x400000000
[    0.000000] MTRR: Disabled
[    0.000000] x86/PAT: MTRRs disabled, skipping PAT initialization too.
[    0.000000] CPU MTRRs all blank - virtualized system.
[    0.000000] x86/PAT: Configuration [0-7]: WB  WT  UC- UC  B WT  UC- UC  
[    0.000000] found SMP MP-table at [m 0x0009fff0-0x0009ffff]
[    0.000000]caning aeas for low merycorruption
[    0.0000] RAMDISK: [mem 0x35967000-0x36caafff]
[    000000] ACPI: Early tablchcksum verification disabled
[    0.000000] ACPI: RSDP 0x00000000000E0000 000024 (v02 VBOX  )
[    0.000000] ACPI: XSDT 0x000000003FFF0030 00003C (v01 VBOX   VBOXXSDT 000000 ASL  00000061)
[    0.000000] ACPI: FACP 0x000000003FFF00F0 0000F4v0 VBOX   VBOXFACP 00000001 ASL  00000061
[   0.00000] ACPI:SDT 0x000003FFF47 0021FF (v02 VX   VBOXBS 0000000INL 20100528)
[    0.000000] ACPI: FACS 0x000000003FFF0200 000040
[    0.000000] ACPI: FACS 0x000000003FFF0200 000040
[    0.000000] ACPI: APIC 0x000000003FFF0240 00005C (v02 VBOX   VBOXAPIC 00000001 ASL  00000061
[    0.000000] ACPI: SSDT 0x000000003FFF02A0 0001CC (v01 VBOX   VBOXCPUT 00000002 INTL 20100528)
[    0.000000] No NUMA configuration found
[    0.000000] Faking a node at [mem 0x0000000000000000-0x000000003ffeffff]
[    0.000000] NODE_DATA(0) aloated em0x3ff00-0x3fefff]
[    0.000000] kvm-clock: cpu 0, msr 0:3ff44001, primary cpu clock
[    0.000000] kvm-clock: Using msrs 4b564d01 and 4b564d00
[    0.000000] kvm-clock: ung sched offset of 4076418770 cycles
[    0.000000] clocksource: kvm-clock: mask: 0xffffffffffffffff max_cycles: 0x1cd42e4dffb, max_idle_ns: 881590591483 ns
[    0.000000] Zne ranges:
[    0.0000]   DMA    mem x000000000001000-0x0000000000ffffff]
[    0.000000]   DMA32    [mem 0x0000000001000000-0x000000003ffeffff]
[    0.000000]   Normal   empty
[    0.000000]   Device   empty
[    0.000000] Movable zone start for each node
[    0.000000] Earl memory ne ranges[    0.0000]   node   0: [mem 0x0000000000001000-0x000000000009efff]
[    0.000000]   node   0: [mem 0x0000000000100000-0x000000003ffeffff]
[    0.000000] Reserved but unavailable: 98 pages
[    0.000000] Initmem setup node 0 [mem 0x0000000000001000-0x0000003ffeffff][   0.000000] PI: PM-Timer IO Port: 0x4008
[    0.000000] IOAPIC[0]: apic_id 2, version 32, addres 0xfec00000, GSI 0-23
[    0.000000] ACPI: INT_SRC_OVR (bus 0 bus_irq 0 global_irq 2 dfl dfl)
[    0.000000] ACPI: INT_SRC_OVR (bus 0 bus_irq 9 global_irq 9 low level)
[    0.000000] Using ACPI (MADT) for SMP configuration information
[    0.000000] smpboot: Allowing 2 CPUs, 0 hotplug CPUs
[    0.000000] PM: Registered nosave memory: [mem 0x00000000-0x00000fff]
[    0.000000] PM: Registered nosave memory: [mem 0x0009f000-0x0009ffff]
[    0.000000] PM: Registered nosave memory: [mem 0x000a0000-0x000effff]
[    0.000000] PM: Registered nosave memory: [mem 0x000f0000-0x000fffff]
[    0.000000] e820: [mem 0x40000000-0xfebfffff] available for PCI devices
[    0.000000] Booting paravirtualized kernel on KVM
[    0.000000] clocksource: refined-jiffies: mask: 0xffffffff max_cycles: 0xffffffff, max_idle_ns: 764551960021168 ns
[    0.000000] random: get_random_bytes called from start_kernel+0x99/04f with crng_init=0
[    0.000000] setup_percpu: NR_CPUS:8192 nr_cpumask_bis: nr_cpu_s:2 nr_node_ids:1
[    0.000000] percpu: Embedded 45 pages/cpu s147456 r8192 d28672 u104857
[  0.00000] PV qspinlock hash table entries: 256 (orrde: , 409byes)
[    0.0000 Blt 1 zonelists, mobility grouping on.  Total pages:: 2591
[  0.00000] Picy on DMA32
[    0.000000] Kernel command line: BOOT_IMAGE=/boot/vmlinuz-4.15.0-72-generic root=UUID=ec65c921-96eb-4429-80be-a2d5fcaf8bc5 ro console=tty1 console=ttyS0
[    0.000000] Memory: 982868K/1048120K available (12300K kernel code, 2481K rwdata, 4264K rodata, 2428K init, 2388K bss, 65252K reserved, 0K cma-reservd)
[    0.00000 SLUB: HWalign=4, Order=0-3, MinObjects=0, CPUs=2, Nodes=1
[    0.000000] Kernel/User page tables isolation: enabled
[    0.000000] ftrace: allocating 39318 entries in 154paes
[    0.004000 Hierarchical RCU implementation.
[    0.004000] 	RCU restricting CPUs from NR_CPUS=8192 to nr_cpu_ids=2.
[    0.004000] 	Tasks RCU enabled.
[    0.004000] RCU: Adjusting geometry for rcu_fanout_leaf=16, nr_cpu_ids=2
[    0.004000] NR_IRQS: 524544, nr_irqs: 440, preallocated irqs: 16
[    0.004000] Console: colour VGA+ 80x25
[    0.004000] console [tty1] enabled
[    0.004000] console [ttyS0] enabled
[    0.004000] ACPI: Core revision 20170831
[    0.004000] ACPI: 2 ACPI AML tables successfully acquired and loaded
[   0.004000] APIC: Switch to symmetric I/O mode setup
[    0.004525] x2apic enabled
[    0.006065] Switched APIC routing to physical x2apic.
[    0.009465] ..TIMER: vector=0x30 apic1=0 pin1=2 apic2=-1 pin2=-1
[    0.012003] tsc: Detected 2303.998 MHz processor
[    0.013695] Calibrating delay loop (skipped) preset value.. 4607.99 BogoMIPS (lpj=9215992)
[    0.016005] pid_max: default: 32768 minimum: 301
[    0.020039] Security Framework initialized
[    0.021191] Yama: becoming mindful.
[    0.024020] AppArmor: AppArmor initialized
[    0.026700] Dentry cache hash table entries: 131072 (order: 8, 1048576 bytes)
[    0.028060] Inode-cache hash table entries: 65536 (order: 7, 524288 bytes)
[    0.032042] Mount-cache hash table entries: 2048 (order: 2, 16384 bytes)
[    0.033650] Mountpoint-cache hash table entries: 2048 (order: 2, 16384 bytes)
[    0.036056] Last level iTLB entries: 4KB 64, 2MB 8, 4MB 8
[    0.037844] Last level dTLB entries: 4KB 64, 2MB 0, 4MB 0, 1GB 4
[    0.039652] Spectre V1 : Mitigation: usercopy/swapgs barriers and __user pointer sanitization
[    0.040004] Spectre V2 : Mitigation: Full generic retpoline
[    0.041779] Spectre V2 : Spectre v2 / SpectreRSB mitigation: Filling RSB on context switch
[    0.044002] Speculative Store Bypass: Vulnerable
[    0.045263] MDS: Vulnerable: Clear CPU buffers attempted, no microcode
[    0.048141] Freeing SMP alternatives memory: 36K
[    0.162339] smpboot: CPU0: Intel(R) Core(TM) i5-7360U CPU @ 2.30GHz (family: 0x6, model: 0x8e, stepping: 0x9)
[    0.164084] Performance Events: unsupported p6 CPU model 142 no PMU driver, software events only.
[    0.168046] Hierarchical SRCU implementation.
[    0.169808] NMI watchdog: Perf event create on CPU 0 failed with -2
[    0.172003] NMI watchdog: Perf NMI watchdog permanently disabled
[    0.176059] smp: Bringing up secondary CPUs ...
[    0.180081] x86: Booting SMP configuration:
[    0.181270] .... node  #0, CPUs:      #1
[    0.004000] kvm-clock: cpu 1, msr 0:3ff44041, secondary cpu clock
[    0.184018] smp: Brought up 1 node, 2 CPUs
[    0.188005] smpboot: Max logical packages: 1
[    0.192003] smpboot: Total of 2 processors activated (9215.99 BogoMIPS)
[    0.196124] devtmpfs: initialized
[    0.200062] x86/mm: Memory block size: 128MB
[    0.204143] evm: security.selinux
[    0.208011] evm: security.SMACK64
[    0.212005] evm: security.SMACK64EXEC
[    0.216006] evm: security.SMACK64TRANSMUTE
[    0.220005] evm: security.SMACK64MMAP
[    0.224006] evm: security.apparmor
[    0.228005] evm: security.ima
[    0.232004] evm: security.capability
[    0.236109] clocksource: jiffies: mask: 0xffffffff max_cycles: 0xffffffff, max_idle_ns: 7645041785100000 ns
[    0.240019] futex hash table entries: 512 (order: 3, 32768 bytes)
[    0.245539] pinctrl core: initialized pinctrl subsystem
[    0.248138] RTC time: 11:20:18, date: 12/23/19
[    0.252241] NET: Registered protocol family 16
[    0.256089] audit: initializing netlink subsys (disabled)
[    0.260058] audit: type=2000 audit(1577100018.631:1): state=initialized audit_enabled=0 res=1
[    0.288011] cpuidle: using governor ladder
[    0.292017] cpuidle: using governor menu
[    0.293185] ACPI: bus type PCI registered
[    0.296003] acpiphp: ACPI Hot Plug PCI Controller Driver version: 0.5
[    0.300140] PCI: Using configuration type 1 for base access
[    0.301371] HugeTLB registered 2.00 MiB page size, pre-allocated 0 pages
[    0.304123] ACPI: Added _OSI(Module Device)
[    0.305155] ACPI: Added _OSI(Processor Device)
[    0.308003] ACPI: Added _OSI(3.0 _SCP Extensions)
[    0.309329] ACPI: Added _OSI(Processor Aggregator Device)
[    0.310686] ACPI: Added _OSI(Linux-Dell-Video)
[    0.311632] ACPI: Added _OSI(Linux-Lenovo-NV-HDMI-Audio)
[    0.312010] ACPI: Added _OSI(Linux-HPI-Hybrid-Graphics)
[    0.316432] ACPI: Executed 1 blocks of module-level executable AML code
[    0.325127] ACPI: Interpreter enabled
[    0.326260] ACPI: (supports S0 S5)
[    0.327240] ACPI: Using IOAPIC for interrupt routing
[    0.328253] PCI: Using host bridge windows from ACPI; if necessary, use "pci=nocrs" and report a bug
[    0.331195] ACPI: Enabled 2 GPEs in block 00 to 07
[    0.347732] ACPI: PCI Root Bridge [PCI0] (domain 0000 [bus 00-ff])
[    0.348011] acpi PNP0A03:00: _OSC: OS supports [ASPM ClockPM Segments MSI]
[    0.352053] acpi PNP0A03:00: _OSC: not requesting OS control; OS requires [ExtendedConfig ASPM ClockPM MSI]
[    0.356118] acpi PNP0A03:00: fail to add MMCONFIG information, can't access extended PCI configuration space under this bridge.
[    0.361613] PCI host bridge to bus 0000:00
[    0.364010] pci_bus 0000:00: root bus resource [io  0x0000-0x0cf7 window]
[    0.368007] pci_bus 0000:00: root bus resource [io  0x0d00-0xffff window]
[    0.372006] pci_bus 0000:00: root bus resource [mem 0x000a0000-0x000bffff window]
[    0.376010] pci_bus 0000:00: root bus resource [mem 0x40000000-0xfdffffff window]
[    0.380008] pci_bus 0000:00: root bus resource [bus 00-ff]
[    0.388751] pci 0000:00:01.1: legacy IDE quirk: reg 0x10: [io  0x01f0-0x01f7]
[    0.392004] pci 0000:00:01.1: legacy IDE quirk: reg 0x14: [io  0x03f6]
[    0.396004] pci 0000:00:01.1: legacy IDE quirk: reg 0x18: [io  0x0170-0x0177]
[    0.400004] pci 0000:00:01.1: legacy IDE quirk: reg 0x1c: [io  0x0376]
[    0.421292] pci 0000:00:07.0: quirk: [io  0x4000-0x403f] claimed by PIIX4 ACPI
[    0.424021] pci 0000:00:07.0: quirk: [io  0x4100-0x410f] claimed by PIIX4 SMB
[    0.441742] ACPI: PCI Interrupt Link [LNKA] (IRQs 5 9 10 *11)
[    0.444317] ACPI: PCI Interrupt Link [LNKB] (IRQs 5 9 *10 11)
[    0.448129] ACPI: PCI Interrupt Link [LNKC] (IRQs 5 *9 10 11)
[    0.452137] ACPI: PCI Interrupt Link [LNKD] (IRQs 5 9 10 *11)
[    0.456418] SCSI subsystem initialized
[    0.460065] pci 0000:00:02.0: vgaarb: setting as boot VGA device
[    0.464000] pci 0000:00:02.0: vgaarb: VGA device added: decodes=io+mem,owns=io+mem,locks=none
[    0.464010] pci 0000:00:02.0: vgaarb: bridge control possible
[    0.468003] vgaarb: loaded
[    0.468851] ACPI: bus type USB registered
[    0.472047] usbcore: registered new interface driver usbfs
[    0.476021] usbcore: registered new interface driver hub
[    0.480029] usbcore: registered new device driver usb
[    0.484068] EDAC MC: Ver: 3.0.0
[    0.492241] PCI: Using ACPI for IRQ routing
[    0.496364] NetLabel: Initializing
[    0.500003] NetLabel:  domain hash size = 128
[    0.504002] NetLabel:  protocols = UNLABELED CIPSOv4 CALIPSO
[    0.508022] NetLabel:  unlabeled traffic allowed by default
[    0.516105] clocksource: Switched to clocksource kvm-clock
[    0.530192] VFS: Disk quotas dquot_6.6.0
[    0.531157] VFS: Dquot-cache hash table entries: 512 (order 0, 4096 bytes)
[    0.532806] AppArmor: AppArmor Filesystem Enabled
[    0.534053] pnp: PnP ACPI init
[    0.536015] pnp: PnP ACPI: found 3 devices
[    0.550046] clocksource: acpi_pm: mask: 0xffffff x_ycs:xfff m_ie_: 8510 ns  1.0803 N: Registeredrotocofaly
[    1.510206] TCP established hash table entries: 8192 (order: 4, 65536 bytes)
[    1.519697 T bd hash table entries: 8192 (order: 5, 131072 bytes)
[    1.628112] TCP: Hash taes coigedesblhe81 bind 8192)
[[    2.022923] UDP hash table entries: 512 (order: 2, 16384 bytes)
[    2.024795] UDP-Lite hash table entries: 512 (order: 2, 16384 bytes)
[    2.026666] NET: Registered protocol family 1
[    2.027948] pci 0000:00:00.0: Limiting direct PCI/PCI transfers
[    2.029826] pci 0000:00:01.0: Activating ISA DMA hang workarounds
[    2.031924] pci 0000:00:.0Vio vi wh shadowed ROM at [mem 0x000c0000-0x000dffff]
[    2.324103] Unpacking initramfs...

[    2.632349] Freeing initrd memory: 19728K
[    2.682884] clocksource: tsc: mask: 0xffffffffffffffff max_cycles: 0x2135f5e6f15, max_idle_ns: 440795231538 ns
[    2.699539] platform rtc_cmos: registered platform RTC device (no PNP device found)
[    2.745285] Scanning for low memory corruption every 60 seconds
[    2.747909] Initialise system trusted keyrings
[    2.749248] Key type blacklist registered
[    2.752809] workingset: timestamp_bits=36 max_order=18 bucket_order=0
[    2.761961] zbud: loaded
[    2.769587] squashfs: version 4.0 (2009/01/31) Phillip Lougher
[    2.780951] fuse init (API version 7.26)
[    2.795299] Key type asymmetric registered
[    2.799090] Asymmetric key parser 'x509' registered
[    2.801398] Block layer SCSI generic (bsg) driver version 0.4 loaded (major 246)
[    2.804706] io scheduler noop registered
[    2.811604] io scheduler deadline registered
[    2.813532] io scheduler cfq registered (default)
[    2.824159] ACPI: AC Adapter [AC] (off-line)
[    2.847408] input: Power Button as /devices/LNXSYSTM:00/LNXPWRBN:00/input/input0
[    2.888915] ACPI: Power Button [PWRF]
[    2.911551] input: Sleep Button as /devices/LNXSYSTM:00/LNXSLPBN:00/input/input1
[    2.936517] ACPI: Sleep Button [SLPF]
[    2.938993] ACPI: Battery Slot [BAT0] (battery present)
[    2.979694] Serial: 8250/16550 driver, 32 ports, IRQ sharing enabled
[  3289]0:: ySatI/O 3f(i =  be_ud 1200) is 160A

[    3.839876] Linux agpgart interface v0.103
[    3.845422] loop: module loaded
[    3.846966] scsi host0: ata_piix
[    3.848254] scsi host1: ata_piix
[    3.849037] ata1: PATA max UDMA/33 cmd 0x1f0 ctl 0x3f6 bmdma 0xd000 irq 14
[    3.850502] ata2: PATA max UDMA/33 cmd 0x170 ctl 0x376 bmdma 0xd008 irq 15
[    3.853521] libphy: Fixed MDIO Bus: probed
[    3.854894] tun: Universal TUN/TAP device driver, 1.6
[    3.862017] PPP generic driver version 2.4.2
[    3.863116] ehci_hcd: USB 2.0 'Enhanced' Host Controller (EHCI) Driver
[    3.882033] ehci-pci: EHCI PCI platform driver
[    3.886265] ehci-platform: EHCI generic platform driver
[    3.889506] ohci_hcd: USB 1.1 'Open' Host Controller (OHCI) Driver
[    3.909206] ohci-pci: OHCI PCI platform driver
[    3.913756] ohci-platform: OHCI generic platform driver
[    3.921146] uhci_hcd: USB Universal Host Controller Interface driver
[    3.979290] i8042: PNP: PS/2 Controller [PNP0303:PS2K,PNP0f03:PS2M] at 0x60,0x64 irq 1,12
[    4.026659] serio: i8042 KBD port at 0x60,0x64 irq 1
[    4.050366] serio: i8042 AUX port at 0x60,0x64 irq 12
[    4.052077] mousedev: PS/2 mouse device common for all mice
[    4.066829] rtc_cmos rtc_cmos: rtc core: registered rtc_cmos as rtc0
[    4.085947] rtc_cmos rtc_cmos: alarms up to one day, 114 bytes nvram
[    4.5934] input: AT Translated Set 2 keyboard as /evices/platform/i8042/serio0/input/input2
[    4.185522] i2c /dev entries driver
[    4.197862] device-mapper: uevent: version 1.0.3
[    4.303417] device-mapper: ioctl: 4.37.0-ioctl (2017-09-20) initialised: dm-devel@redhat.com
[    4.399298] ledtrig-cpu: registered to indicate activity on CPUs
[    4.439683] NET: Registered protocol family 10
[    4.484495] Segment Routing with IPv6
[    4.552179] NET: Registered protocol family 17
[    4.599864] Key type dns_resolver registered
[    4.632828] mce: Using 0 MCE banks
[    4.647657] RAS: Correctable Errors collector initialized.
[    4.691854] sched_clock: Marking stable (4691807033, 0)->(11228600877, -6536793844)
[    4.694844] registered taskstats version 1
[    4.713065] Loading compiled-in X.509 certificates
[    4.741520] Loaded X.509 cert 'Build time autogenerated kernel key: f4f7241365689b0cbe3898188e65e316fd8f978d'
[    4.801354] zswap: loaded using pool lzo/zbud
[    4.843390] Key type big_key registered
[    4.882003] Key type trusted registered
[    4.898910] Key type encrypted registered
[    4.946680] AppArmor: AppArmor sha1 policy hashing enabled
[    4.948359] ima: No TPM chip found, activating TPM-bypass! (rc=-19)
[    4.956935] ima: Allocated hash algorithm: sha1
[    4.957954] evm: HMAC attrs: 0x1
[    4.959023]   Magic number: 15:203:328
[    4.959957] rtc_cmos rtc_cmos: setting system clock to 2019-12-23 11:20:24 UTC (1577100024)
[    4.970201] BIOS EDD facility v0.16 2004-Jun-25, 0 devices found
[    4.989398] EDD information not available.
[    4.996846] Freeing unused kernel image memory: 2428K
[    5.024215] Write protecting the kernel read-only data: 20480k
[    5.050947] Freeing unused kernel image memory: 2008K
[    5.067248] Freeing unused kernel image memory: 1880K
[    5.076524] x86/mm: Checked W+X mappings: passed, no W+X pages found.
[    5.084728] x86/mm: Checking user space page tables
[    5.091883] x86/mm: Checked W+X mappings: passed, no W+X pages found.
Loading, please wait...
starting version 237
[    5.200646] e1000: Intel(R) PRO/1000 Network Driver - version 7.3.21-k8-NAPI
[    5.209893] e1000: Copyright (c) 1999-2006 Intel Corporation.
[    5.222516] Fusion MPT base driver 3.04.20
[    5.237395] Copyright (c) 1999-2008 LSI Corporation
[    5.286478] AVX2 version of gcm_enc/dec engaged.
[    5.300151] AES CTR mode by8 optimization enabled
[    5.304578] Fusion MPT SPI Host driver 3.04.20
[    5.477427] input: ImExPS/2 Generic Explorer Mouse as /devices/platform/i8042/serio1/input/input4
[    5.726103] e1000 0000:00:03.0 eth0: (PCI:33MHz:32-bit) 02:82:7a:7b:51:94
[    5.728179] e1000 0000:00:03.0 eth0: Intel(R) PRO/1000 Network Connection
[    5.730907] mptbase: ioc0: Initiating bringup
[    5.848399] ioc0: LSI53C1030 A0: Capabilities={Initiator}
[    6.104745] scsi host2: ioc0: LSI53C1030 A0, FwRev=00000000h, Ports=1, MaxQ=256, IRQ=20
[    6.296814] scsi 2:0:0:0: Direct-Access     VBOX     HARDDISK         1.0  PQ: 0 ANSI: 5
[    6.384219] scsi target2:0:0: Beginning Domain Validation
[    6.449014] scsi target2:0:0: Domain Validation skipping write tests
[    6.450823] scsi target2:0:0: Ending Domain Validation
[    6.452398] scsi target2:0:0: asynchronous
[    6.454279] scsi 2:0:1:0: Direct-Access     VBOX     HARDDISK         1.0  PQ: 0 ANSI: 5
[    6.771400] scsi target2:0:1: Beginning Domain Validation
[    6.796662] random: fast init done
[    6.798057] scsi target2:0:1: Domain Validation skipping write tests
[    6.799878] scsi target2:0:1: Ending Domain Validation
[    6.801386] scsi target2:0:1: asynchronous
[    6.802216] e1000 0000:00:08.0 eth1: (PCI:33MHz:32-bit) 08:00:27:8f:32:ed
[    6.802595] random: systemd-udevd: uninitialized urandom read (16 bytes read)
[    6.804252] e1000 0000:00:08.0 eth1: Intel(R) PRO/1000 Network Connection
[    6.816896] random: systemd-udevd: uninitialized urandom read (16 bytes read)
[    6.820352] random: systemd-udevd: uninitialized urandom read (16 bytes read)
[    6.835650] e1000 0000:00:03.0 enp0s3: renamed from eth0
[    6.838952] sd 2:0:0:0: Attached scsi generic sg0 type 0
[    6.850481] sd 2:0:0:0: [sda] 20971520 512-byte logical blocks: (10.7 GB/10.0 GiB)
[    6.850530] sd 2:0:1:0: Attached scsi generic sg1 type 0
[    6.855077] sd 2:0:0:0: [sda] Write Protect is off
[    6.855464] sd 2:0:1:0: [sdb] 20480 512-byte logical blocks: (10.5 MB/10.0 MiB)
[    6.865857] sd 2:0:1:0: [sdb] Write Protect is off
[    6.867329] sd 2:0:1:0: [sdb] Incomplete mode parameter data
[    6.868984] sd 2:0:1:0: [sdb] Assuming drive cache: write through
[    6.869613] e1000 0000:00:08.0 enp0s8: renamed from eth1
[    6.874632] sd 2:0:1:0: [sdb] Attached SCSI disk
[    6.905041] sd 2:0:0:0: [sda] Incomplete mode parameter data
[    6.975757] sd 2:0:0:0: [sda] Assuming drive cache: write through
[    7.014089]  sda: sda1
[    7.046851] sd 2:0:0:0: [sda] Attached SCSI disk
Begin: Loading essential drivers ... [    8.533277] raid6: sse2x1   gen() 15062 MB/s
[    8.688440] raid6: sse2x1   xor()  9095 MB/s
[    8.850969] raid6: sse2x2   gen() 16265 MB/s
[    8.968033] raid6: sse2x2   xor()  9841 MB/s
[    9.052010] raid6: sse2x4   gen() 17363 MB/s
[    9.220186] raid6: sse2x4   xor() 11148 MB/s
[    9.420844] raid6: avx2x1   gen() 24555 MB/s
[    9.468092] raid6: avx2x1   xor()  9499 MB/s
[    9.516313] raid6: avx2x2   gen() 24719 MB/s
[    9.700345] raid6: avx2x2   xor() 18948 MB/s
[    9.820881] raid6: avx2x4   gen() 34636 MB/s
[    9.868639] raid6: avx2x4   xor() 21155 MB/s
[   10.031945] raid6: using algorithm avx2x4 gen() 34636 MB/s
[   10.101335] raid6: .... xor() 21155 MB/s, rmw enabled
[   10.156949] raid6: using avx2x2 recovery algorithm
[   10.262448] xor: automatically using best checksumming function   avx       
[   10.272822] async_tx: api initialized (async)
done.
Begin: Running /scripts/init-premount ... done.
Begin: Mounting root file system ... Begin: Running /scripts/local-top ... done.
Begin: Running /scripts/local-premount ... [   10.324599] Btrfs loaded, crc32c=crc32c-intel
Scanning for Btrfs filesystems
done.
Warning: fsck not present, so skipping root file system
[   10.379685] EXT4-fs (sda1): mounted filesystem with ordered data mode. Opts: (null)
done.
Begin: Running /scripts/local-bottom ... done.
Begin: Running /scripts/init-bottom ... done.
[   10.598292] ip_tables: (C) 2000-2006 Netfilter Core Team
[   10.613408] systemd[1]: systemd 237 running in system mode. (+PAM +AUDIT +SELINUX +IMA +APPARMOR +SMACK +SYSVINIT +UTMP +LIBCRYPTSETUP +GCRYPT +GNUTLS +ACL +XZ +LZ4 +SECCOMP +BLKID +ELFUTILS +KMOD -IDN2 +IDN -PCRE2 default-hierarchy=hybrid)
[   10.723421] systemd[1]: Detected virtualization oracle.
[   10.724929] systemd[1]: Detected architecture x86-64.

Welcome to [1mUbuntu 18.04.3 LTS[0m!

[   10.746364] systemd[1]: Set hostname to <ubuntu-bionic>.
[   11.036513] systemd[1]: Reached target System Time Synchronized.
[[0;32m  OK  [0m] Reached target System Time Synchronized.
[   11.073302] systemd[1]: Created slice System Slice.
[[0;32m  OK  [0m] Created slice System Slice.
[   11.306872] systemd[1]: Listening on udev Control Socket.
[[0;32m  OK  [0m] Listening on udev Control Socket.
[   11.353594] systemd[1]: Listening on Syslog Socket.
[[0;32m  OK  [0m] Listening on Syslog Socket.
[   11.433254] systemd[1]: Reached target Swap.
[[0;32m  OK  [0m] Reached target Swap.
[   11.471673] systemd[1]: Listening on Journal Socket.
[[0;32m  OK  [0m] Listening on Journal Socket.
         Starting Uncomplicated firewall...
         Mounting Kernel Debug File System...
         Starting Remount Root a[   11.732723] EXT4-fs (sda1): re-mounted. Opts: (null)
nd Kernel File Systems...
[[0;32m  OK  [0m] Listening on Journal Audit Socket.
         Starting Load Kernel Modules...
[   11.947399] Loading iSCSI transport class v2.0-870.
[[0;32m  OK  [0m] Listening on udev Kernel Socket.
         Starting udev Coldplug all Devices...[   12.389670] iscsi: registered transport (tcp)

[[0;32m  OK  [0m] Created slice system-serial\x2[   12.405635] iscsi: registered transport (iser)
dgetty.slice.
[[0;32m  OK  [0m] Listening on LVM2 metadata daemon socket.
[[0;32m  OK  [0m] Reached target User and Group Name Lookups.
[[0;32m  OK  [0m] Listening on Network Service Netlink Socket.
[[0;32m  OK  [0m] Created slice User and Session Slice.
[[0;32m  OK  [0m] Reached target Slices.
         Mounting Huge Pages File System...
         Starting Create list of required st…ce nodes for the current kernel...
[[0;32m  OK  [0m] Started Forward Password Requests to Wall Directory Watch.
         Mounting POSIX Message Queue File System...
         Starting Set the console keyboard layout...
[[0;32m  OK  [0m] Listening on /dev/initctl Compatibility Named Pipe.
[[0;32m  OK  [0m] Listening on LVM2 poll daemon socket.
[[0;32m  OK  [0m] Set up automount Arbitrary Executab…rmats File System Automount Point.
[[0;32m  OK  [0m] Listening on Device-mapper event daemon FIFOs.
         Starting Monitoring of LVM2 mirrors…ng dmeventd or progress polling...
[[0;32m  OK  [0m] Listening on Journal Socket (/dev/log).
         Starting Journal Service...
[[0;32m  OK  [0m] Started Uncomplicated firewall.
[[0;32m  OK  [0m] Mounted Kernel Debug File System.
[[0;32m  OK  [0m] Started Remount Root and Kernel File Systems.
[[0;32m  OK  [0m] Started Load Kernel Modules.
[[0;32m  OK  [0m] Mounted Huge Pages File System.
[[0;32m  OK  [0m] Started Create list of required sta…vice nodes for the current kernel.
[[0;32m  OK  [0m] Mounted POSIX Message Queue File System.
         Starting Create Static Device Nodes in /dev...
         Starting Apply Kernel Variables...
         Mounting FUSE Control File System...
         Mounting Kernel Configuration File System...
         Starting Load/Save Random Seed...
[[0;32m  OK  [0m] Started Journal Service.
[[0;32m  OK  [0m] Started Set the console keyboard layout.
[[0;32m  OK  [0m] Started udev Coldplug all Devices.
[[0;32m  OK  [0m] Started Create Static Device Nodes in /dev.
[[0;32m  OK  [0m] Started Apply Kernel Variables.
[[0;32m  OK  [0m] Mounted FUSE Control File System.
[[0;32m  OK  [0m] Mounted Kernel Configuration File System.
[[0;32m  OK  [0m] Started Load/Save Random Seed.
[[0;32m  OK  [0m] Started LVM2 metadata daemon.
         Starting udev Kernel Device Manager...
         Starting Flush Journal to Persistent Storage...
[[0;32m  OK  [0m] Started Monitoring of LVM2 mirrors,…sing dmeventd or progress polling.
[[0;32m  OK  [0m] Reached target Local File Systems (Pre).
[[0;32m  OK  [0m] Reached target Local File Systems.
         Starting Tell Plymouth To Write Out Runtime Data...
         Starting ebtables ruleset management...
         Starting Set console font and keymap...
         Starting AppArmor initialization...
[[0;32m  OK  [0m] Started udev Kernel Device Manager.
[[0;32m  OK  [0m] Started Tell Plymouth To Write Out Runtime Data.
[[0;32m  OK  [0m] Started Dispatch Password Requests to Console Directory Watch.
[[0;32m  OK  [0m] Reached target Local Encrypted Volumes.
[[0;32m  OK  [0m] Started Set console font and keymap.
[[0;32m  OK  [0m] Started Flush Journal to Persistent Storage.
         Starting Create Volatile Files and Directories...
[[0;32m  OK  [0m] Started Create Volatile Files and Directories.
[[0;32m  OK  [0m] Started ebtables ruleset management.
         Starting Update UTMP about System Boot/Shutdown...
[[0;32m  OK  [0m] Started Update UTMP about System Boot/Shutdown.
[[0;32m  OK  [0m] Found device /dev/ttyS0.
[[0;32m  OK  [0m] Listening on Load/Save RF Kill Switch Status /dev/rfkill Watch.
[[0;32m  OK  [0m] Started AppArmor initialization.
         Starting Initial cloud-init job (pre-networking)...
[   14.888313] cloud-init[524]: Cloud-init v. 19.2-36-g059d049c-0ubuntu1~18.04.1 running 'init-local' at Mon, 23 Dec 2019 11:20:34 +0000. Up 14.67 seconds.
[[0;32m  OK  [0m] Started Initial cloud-init job (pre-networking).
[[0;32m  OK  [0m] Reached target Network (Pre).
         Starting Network Service...
[[0;32m  OK  [0m] Started Network Service.
         Starting Network Name Resolution...
         Starting Wait for Network to be Configured...
[[0;32m  OK  [0m] Started Network Name Resolution.
[[0;32m  OK  [0m] Reached target Host and Network Name Lookups.
[[0;32m  OK  [0m] Reached target Network.
[[0;32m  OK  [0m] Started Wait for Network to be Configured.
         Starting Initial cloud-init job (metadata service crawler)...
[   17.386261] cloud-init[698]: Cloud-init v. 19.2-36-g059d049c-0ubuntu1~18.04.1 running 'init' at Mon, 23 Dec 2019 11:20:36 +0000. Up 17.21 seconds.
[   17.389030] cloud-init[698]: ci-info: ++++++++++++++++++++++++++++++++++++++Net device info+++++++++++++++++++++++++++++++++++++++
[   17.393864] cloud-init[698]: ci-info: +--------+------+-----------------------------+---------------+--------+-------------------+
[   17.397121] cloud-init[698]: ci-info: | Device |  Up  |           Address           |      Mask     | Scope  |     Hw-Address    |
[   17.403468] cloud-init[698]: ci-info: +--------+------+-----------------------------+---------------+--------+-------------------+
[   17.406882] cloud-init[698]: ci-info: | enp0s3 | True |          10.0.2.15          | 255.255.255.0 | global | 02:82:7a:7b:51:94 |
[   17.409671] cloud-init[698]: ci-info: | enp0s3 | True |  fe80::82:7aff:fe7b:5194/64 |       .       |  link  | 02:82:7a:7b:51:94 |
[   17.441605] cloud-init[698]: ci-info: | enp0s8 | True |        192.168.33.10        | 255.255.255.0 | global | 08:00:27:8f:32:ed |
[   17.495251] cloud-init[698]: ci-info: | enp0s8 | True | fe80::a00:27ff:fe8f:32ed/64 |       .       |  link  | 08:00:27:8f:32:ed |
[   17.533665] cloud-init[698]: ci-info: |   lo   | True |          127.0.0.1          |   255.0.0.0   |  host  |         .         |
[   17.535906] cloud-init[698]: ci-info: |   lo   | True |           ::1/128           |       .       |  host  |         .         |
[   17.538090] cloud-init[698]: ci-info: +--------+------+-----------------------------+---------------+--------+-------------------+
[[   17.624685] cloud-init[698]: ci-info: +++++++++++++++++++++++++++++Route IPv4 info+++++++++++++++++++++++++++++
[   17.625163] cloud-init[698]: ci-info: +-------+--------------+----------+-----------------+-----------+-------+
[   17.625895] cloud-init[698]: ci-info: | Route | Destination  | Gateway  |     Genmask     | Interface | Flags |
[   17.626114] cloud-init[698]: ci-info: +-------+--------------+----------+-----------------+-----------+-------+
[   17.626378] cloud-init[698]: ci-info: |   0   |   0.0.0.0    | 10.0.2.2 |     0.0.0.0     |   enp0s3  |   UG  |
[   17.626647] cloud-init[698]: ci-info: |   1   |   10.0.2.0   | 0.0.0.0  |  255.255.255.0  |   enp0s3  |   U   |
[   17.626905] cloud-init[698]: ci-info: |   2   |   10.0.2.2   | 0.0.0.0  | 255.255.255.255 |   enp0s3  |   UH  |
[   17.627169] cloud-init[698]: ci-info: |   3   | 192.168.33.0 | 0.0.0.0  |  255.255.255.0  |   enp0s8  |   U   |
[   17.627437] cloud-init[698]: ci-info: +-------+--------------+----------+-----------------+-----------+-------+
[   17.627759] cloud-init[698]: ci-info: +++++++++++++++++++Route IPv6 info+++++++++++++++++++
[   17.627992] cloud-init[698]: ci-info: +-------+-------------+---------+-----------+-------+
[   17.628547] cloud-init[698]: ci-info: | Route | Destination | Gateway | Interface | Flags |
[   17.628809] cloud-init[698]: ci-info: +-------+-------------+---------+-----------+-------+
[   17.629069] cloud-init[698]: ci-info: |   1   |  fe80::/64  |    ::   |   enp0s8  |   U   |
[   17.629331] cloud-init[698]: ci-info: |   2   |  fe80::/64  |    ::   |   enp0s3  |   U   |
[   17.629597] cloud-init[698]: ci-info: |   4   |    local    |    ::   |   enp0s3  |   U   |
[   17.629862] cloud-init[698]: ci-info: |   5   |    local    |    ::   |   enp0s8  |   U   |
[   17.630131] cloud-init[698]: ci-info: |   6   |   ff00::/8  |    ::   |   enp0s8  |   U   |
[   17.630400] cloud-init[698]: ci-info: |   7   |   ff00::/8  |    ::   |   enp0s3  |   U   |
[   17.630660] cloud-init[698]: ci-info: +-------+-------------+---------+-----------+-------+
[0;32m  OK  [0m] Started Initial cloud-init job (metadata service crawler).
[[0;32m  OK  [0m] Reached target Network is Online.
         Starting Availability of block devices...
[[0;32m  OK  [0m] Reached target Remote File Systems (Pre).
[[0;32m  OK  [0m] Reached target Remote File Systems.
[[0;32m  OK  [0m] Reached target System Initialization.
[[0;32m  OK  [0m] Started Daily Cleanup of Temporary Directories.
[[0;32m  OK  [0m] Started Daily apt download activities.
[[0;32m  OK  [0m] Listening on UUID daemon activation socket.
[[0;32m  OK  [0m] Started ACPI Events Check.
[[0;32m  OK  [0m] Reached target Paths.
         Starting Socket activation for snappy daemon.
[[0;32m  OK  [0m] Started Message of the Day.
[[0;32m  OK  [0m] Started Discard unused blocks once a week.
[[0;32m  OK  [0m] Listening on Open-iSCSI iscsid Socket.
[[0;32m  OK  [0m] Started Daily apt upgrade and clean activities.
[[0;32m  OK  [0m] Listening on ACPID Listen Socket.
         Starting LXD - unix socket.
[[0;32m  OK  [0m] Reached target Timers.
[[0;32m  OK  [0m] Listening on D-Bus System Message Bus Socket.
[[0;32m  OK  [0m] Reached target Cloud-config availability.
[[0;32m  OK  [0m] Started Availability of block devices.
[[0;32m  OK  [0m] Listening on Socket activation for snappy daemon.
[[0;32m  OK  [0m] Listening on LXD - unix socket.
[[0;32m  OK  [0m] Reached target Sockets.
[[0;32m  OK  [0m] Reached target Basic System.
         Starting Accounts Service...
         Starting Message of the Day...
         Starting LSB: Record successful boot for GRUB...
[[0;32m  OK  [0m] Started FUSE filesystem for LXC.
         Starting Dispatcher daemon for systemd-networkd...
[[0;32m  OK  [0m] Started D-Bus System Message Bus.
         Starting Login Service...
[[0;32m  OK  [0m] Started Deferred execution scheduler.
         Starting vboxadd.service...
         Starting OpenBSD Secure Shell server...
[[0;32m  OK  [0m] Started Regular background program processing daemon.
         Starting Permit User Sessions...
         Starting System Logging Service...
         Starting LSB: automatic crash report generation...
[[0;32m  OK  [0m] Started irqbalance daemon.
         Starting Discard unused blocks...
         Starting LXD - container startup/shutdown...
         Starting Snappy daemon...
[[0;32m  OK  [0m] Started Dispatcher daemon for systemd-networkd.
[[0;32m  OK  [0m] Started System Logging Service.
[[0;32m  OK  [0m] Started Permit User Sessions.
[[0;32m  OK  [0m] Started Discard unused blocks.
[[0;32m  OK  [0m] Started OpenBSD Secure Shell server.
[[0;32m  OK  [0m] Started Login Service.
[[0;32m  OK  [0m] Started LXD - container startup/shutdown.
[[0;32m  OK  [0m] Started LSB: Record successful boot for GRUB.
[[0;32m  OK  [0m] Started LSB: automatic crash report generation.
[[0;32m  OK  [0m] Started Unattended Upgrades Shutdown.
         Starting Authorization Manager...
         Starting Terminate Plymouth Boot Screen...
         Starting Hold until boot process finishes up...
[[0;32m  OK  [0m] Started Hold until boot process finishes up.
[[0;32m  OK  [0m] Started Serial Getty on ttyS0.
         Starting Set console scheme...
[[0;32m  OK  [0m] Started Terminate Plymouth Boot Screen.
[[0;32m  OK  [0m] Started Set console scheme.
[[0;32m  OK  [0m] Started vboxadd.service.
         Starting vboxadd-service.service...
[[0;32m  OK  [0m] Created slice system-getty.slice.
[[0;32m  OK  [0m] Started Getty on tty1.
[[0;32m  OK  [0m] Reached target Login Prompts.
[[0;32m  OK  [0m] Started Authorization Manager.
[[0;32m  OK  [0m] Started Accounts Service.
[[0;32m  OK  [0m] Started vboxadd-service.service.
[[0;32m  OK  [0m] Started Snappy daemon.
         Starting Wait until snapd is fully seeded...
[[0;32m  OK  [0m] Started Wait until snapd is fully seeded.
[[0;32m  OK  [0m] Reached target Multi-User System.
[[0;32m  OK  [0m] Reached target Graphical Interface.
         Starting Update UTMP about System Runlevel Changes...
         Starting Apply the settings specified in cloud-config...
[[0;32m  OK  [0m] Started Update UTMP about System Runlevel Changes.
[   20.120558] cloud-init[1220]: Cloud-init v. 19.2-36-g059d049c-0ubuntu1~18.04.1 running 'modules:config' at Mon, 23 Dec 2019 11:20:39 +0000. Up 20.03 seconds.
[[0;32m  OK  [0m] Started Apply the settings specified in cloud-config.
         Starting Execute cloud user/final scripts...
[[0;32m  OK  [0m] Started Message of the Day.
[[0;32m  OK  [0m] Created slice User Slice of vagrant.
         Starting User Manager for UID 1000...
[[0;32m  OK  [0m] Started Session 1 of user vagrant.
[[0;32m  OK  [0m] Started User Manager for UID 1000.
[   20.843532] cloud-init[1275]: Cloud-init v. 19.2-36-g059d049c-0ubuntu1~18.04.1 running 'modules:final' at Mon, 23 Dec 2019 11:20:40 +0000. Up 20.70 seconds.
[   20.847175] cloud-init[1275]: Cloud-init v. 19.2-36-g059d049c-0ubuntu1~18.04.1 finished at Mon, 23 Dec 2019 11:20:40 +0000. Datasource DataSourceNoCloud [seed=/dev/sdb][dsmode=net].  Up 20.83 seconds
[[0;32m  OK  [0m] Started Execute cloud user/final scripts.
[[0;32m  OK  [0m] Reached target Cloud-init target.

Ubuntu 18.04.3 LTS ubuntu-bionic ttyS0

ubuntu-bionic login: 